All mandatory environment variables validated successfully
All mandatory environment variables validated successfully
INFO:     ::1:58176 - "GET / HTTP/1.1" 200 OK
INFO:     ::1:58177 - "GET /assets/index-DxhYwyCq.css HTTP/1.1" 200 OK
INFO:     ::1:58176 - "GET /assets/index-Bomxt-go.js HTTP/1.1" 200 OK
INFO:     ::1:58176 - "GET /api/health HTTP/1.1" 200 OK
INFO:     ::1:58176 - "GET /api/dashboard/stats HTTP/1.1" 200 OK
INFO:     ::1:58177 - "GET /api/dashboard/widgets HTTP/1.1" 200 OK
INFO:     ::1:58176 - "GET /vite.svg HTTP/1.1" 200 OK
[36m[DEBUG][0m  [1;33m(common:get_pgdb_connection:294)[0m
     Message: Database connection parameters: db=demo_noetl, user=demo, host=localhost, port=30543, schema=noetl
[36m[DEBUG][0m  [1;33m(common:get_pgdb_connection:294)[0m
     Message: Database connection parameters: db=demo_noetl, user=demo, host=localhost, port=30543, schema=noetl
[37m[INFO][0m  [1;33m(common:initialize_db_pool:313)[0m
     Message: Database connection pool initialized successfully
[31m[ERROR][0m  [1;33m(catalog:get_catalog_playbooks:142)[0m
     Message: Error getting playbooks: object list can't be used in 'await' expression
INFO:     ::1:58176 - "GET /api/catalog/playbooks HTTP/1.1" 500 Internal Server Error
INFO:     ::1:58177 - "GET /api/catalog/widgets HTTP/1.1" 200 OK
INFO:     ::1:58181 - "GET /api/health HTTP/1.1" 200 OK
INFO:     ::1:58181 - "GET /api/dashboard/stats HTTP/1.1" 200 OK
INFO:     ::1:58181 - "GET /api/dashboard/widgets HTTP/1.1" 200 OK
[36m[DEBUG][0m  [1;33m(common:get_pgdb_connection:294)[0m
     Message: Database connection parameters: db=demo_noetl, user=demo, host=localhost, port=30543, schema=noetl
[31m[ERROR][0m  [1;33m(catalog:get_catalog_playbooks:142)[0m
     Message: Error getting playbooks: object list can't be used in 'await' expression
INFO:     ::1:58181 - "GET /api/catalog/playbooks HTTP/1.1" 500 Internal Server Error
INFO:     ::1:58182 - "GET /api/catalog/widgets HTTP/1.1" 200 OK
INFO:     ::1:58182 - "GET /api/health HTTP/1.1" 200 OK
INFO:     ::1:58182 - "GET /api/dashboard/stats HTTP/1.1" 200 OK
INFO:     ::1:58182 - "GET /api/dashboard/widgets HTTP/1.1" 200 OK
[36m[DEBUG][0m  [1;33m(common:get_pgdb_connection:294)[0m
     Message: Database connection parameters: db=demo_noetl, user=demo, host=localhost, port=30543, schema=noetl
[31m[ERROR][0m  [1;33m(catalog:register_resource:69)[0m
     Message: Error registering resource: object dict can't be used in 'await' expression.
INFO:     ::1:58195 - "POST /api/catalog/register HTTP/1.1" 500 Internal Server Error
[36m[DEBUG][0m  [1;33m(common:get_pgdb_connection:294)[0m
     Message: Database connection parameters: db=demo_noetl, user=demo, host=localhost, port=30543, schema=noetl
[31m[ERROR][0m  [1;33m(catalog:register_resource:69)[0m
     Message: Error registering resource: object dict can't be used in 'await' expression.
INFO:     ::1:58197 - "POST /api/catalog/register HTTP/1.1" 500 Internal Server Error
[36m[DEBUG][0m  [1;33m(common:get_pgdb_connection:294)[0m
     Message: Database connection parameters: db=demo_noetl, user=demo, host=localhost, port=30543, schema=noetl
[31m[ERROR][0m  [1;33m(catalog:register_resource:69)[0m
     Message: Error registering resource: object dict can't be used in 'await' expression.
INFO:     ::1:58199 - "POST /api/catalog/register HTTP/1.1" 500 Internal Server Error
[36m[DEBUG][0m  [1;33m(common:get_pgdb_connection:294)[0m
     Message: Database connection parameters: db=demo_noetl, user=demo, host=localhost, port=30543, schema=noetl
[31m[ERROR][0m  [1;33m(catalog:register_resource:69)[0m
     Message: Error registering resource: object dict can't be used in 'await' expression.
INFO:     ::1:58201 - "POST /api/catalog/register HTTP/1.1" 500 Internal Server Error
[36m[DEBUG][0m  [1;33m(common:get_pgdb_connection:294)[0m
     Message: Database connection parameters: db=demo_noetl, user=demo, host=localhost, port=30543, schema=noetl
[31m[ERROR][0m  [1;33m(catalog:register_resource:69)[0m
     Message: Error registering resource: object dict can't be used in 'await' expression.
INFO:     ::1:58203 - "POST /api/catalog/register HTTP/1.1" 500 Internal Server Error
[36m[DEBUG][0m  [1;33m(common:get_pgdb_connection:294)[0m
     Message: Database connection parameters: db=demo_noetl, user=demo, host=localhost, port=30543, schema=noetl
[31m[ERROR][0m  [1;33m(catalog:register_resource:69)[0m
     Message: Error registering resource: object dict can't be used in 'await' expression.
INFO:     ::1:58205 - "POST /api/catalog/register HTTP/1.1" 500 Internal Server Error
[36m[DEBUG][0m  [1;33m(common:get_pgdb_connection:294)[0m
     Message: Database connection parameters: db=demo_noetl, user=demo, host=localhost, port=30543, schema=noetl
[31m[ERROR][0m  [1;33m(catalog:register_resource:69)[0m
     Message: Error registering resource: object dict can't be used in 'await' expression.
INFO:     ::1:58207 - "POST /api/catalog/register HTTP/1.1" 500 Internal Server Error
[36m[DEBUG][0m  [1;33m(common:get_pgdb_connection:294)[0m
     Message: Database connection parameters: db=demo_noetl, user=demo, host=localhost, port=30543, schema=noetl
[31m[ERROR][0m  [1;33m(catalog:register_resource:69)[0m
     Message: Error registering resource: object dict can't be used in 'await' expression.
INFO:     ::1:58209 - "POST /api/catalog/register HTTP/1.1" 500 Internal Server Error
[36m[DEBUG][0m  [1;33m(common:get_pgdb_connection:294)[0m
     Message: Database connection parameters: db=demo_noetl, user=demo, host=localhost, port=30543, schema=noetl
[31m[ERROR][0m  [1;33m(catalog:register_resource:69)[0m
     Message: Error registering resource: object dict can't be used in 'await' expression.
INFO:     ::1:58211 - "POST /api/catalog/register HTTP/1.1" 500 Internal Server Error
[36m[DEBUG][0m  [1;33m(common:get_pgdb_connection:294)[0m
     Message: Database connection parameters: db=demo_noetl, user=demo, host=localhost, port=30543, schema=noetl
[31m[ERROR][0m  [1;33m(catalog:register_resource:69)[0m
     Message: Error registering resource: object dict can't be used in 'await' expression.
INFO:     ::1:58213 - "POST /api/catalog/register HTTP/1.1" 500 Internal Server Error
[36m[DEBUG][0m  [1;33m(common:get_pgdb_connection:294)[0m
     Message: Database connection parameters: db=demo_noetl, user=demo, host=localhost, port=30543, schema=noetl
[31m[ERROR][0m  [1;33m(catalog:register_resource:69)[0m
     Message: Error registering resource: object dict can't be used in 'await' expression.
INFO:     ::1:58215 - "POST /api/catalog/register HTTP/1.1" 500 Internal Server Error
All mandatory environment variables validated successfully
All mandatory environment variables validated successfully
[36m[DEBUG][0m  [1;33m(common:get_pgdb_connection:294)[0m
     Message: Database connection parameters: db=demo_noetl, user=demo, host=localhost, port=30543, schema=noetl
[31m[ERROR][0m  [1;33m(catalog:register_resource:69)[0m
     Message: Error registering resource: object dict can't be used in 'await' expression.
INFO:     ::1:58395 - "POST /api/catalog/register HTTP/1.1" 500 Internal Server Error
[36m[DEBUG][0m  [1;33m(common:get_pgdb_connection:294)[0m
     Message: Database connection parameters: db=demo_noetl, user=demo, host=localhost, port=30543, schema=noetl
[31m[ERROR][0m  [1;33m(catalog:register_resource:69)[0m
     Message: Error registering resource: object dict can't be used in 'await' expression.
INFO:     ::1:58397 - "POST /api/catalog/register HTTP/1.1" 500 Internal Server Error
[36m[DEBUG][0m  [1;33m(common:get_pgdb_connection:294)[0m
     Message: Database connection parameters: db=demo_noetl, user=demo, host=localhost, port=30543, schema=noetl
[31m[ERROR][0m  [1;33m(catalog:register_resource:69)[0m
     Message: Error registering resource: object dict can't be used in 'await' expression.
INFO:     ::1:58399 - "POST /api/catalog/register HTTP/1.1" 500 Internal Server Error
[36m[DEBUG][0m  [1;33m(common:get_pgdb_connection:294)[0m
     Message: Database connection parameters: db=demo_noetl, user=demo, host=localhost, port=30543, schema=noetl
[31m[ERROR][0m  [1;33m(catalog:register_resource:69)[0m
     Message: Error registering resource: object dict can't be used in 'await' expression.
INFO:     ::1:58401 - "POST /api/catalog/register HTTP/1.1" 500 Internal Server Error
[36m[DEBUG][0m  [1;33m(common:get_pgdb_connection:294)[0m
     Message: Database connection parameters: db=demo_noetl, user=demo, host=localhost, port=30543, schema=noetl
[31m[ERROR][0m  [1;33m(catalog:register_resource:69)[0m
     Message: Error registering resource: object dict can't be used in 'await' expression.
INFO:     ::1:58403 - "POST /api/catalog/register HTTP/1.1" 500 Internal Server Error
[36m[DEBUG][0m  [1;33m(common:get_pgdb_connection:294)[0m
     Message: Database connection parameters: db=demo_noetl, user=demo, host=localhost, port=30543, schema=noetl
[31m[ERROR][0m  [1;33m(catalog:register_resource:69)[0m
     Message: Error registering resource: object dict can't be used in 'await' expression.
INFO:     ::1:58405 - "POST /api/catalog/register HTTP/1.1" 500 Internal Server Error
[36m[DEBUG][0m  [1;33m(common:get_pgdb_connection:294)[0m
     Message: Database connection parameters: db=demo_noetl, user=demo, host=localhost, port=30543, schema=noetl
[31m[ERROR][0m  [1;33m(catalog:register_resource:69)[0m
     Message: Error registering resource: object dict can't be used in 'await' expression.
INFO:     ::1:58407 - "POST /api/catalog/register HTTP/1.1" 500 Internal Server Error
[36m[DEBUG][0m  [1;33m(common:get_pgdb_connection:294)[0m
     Message: Database connection parameters: db=demo_noetl, user=demo, host=localhost, port=30543, schema=noetl
[31m[ERROR][0m  [1;33m(catalog:register_resource:69)[0m
     Message: Error registering resource: object dict can't be used in 'await' expression.
INFO:     ::1:58409 - "POST /api/catalog/register HTTP/1.1" 500 Internal Server Error
[36m[DEBUG][0m  [1;33m(common:get_pgdb_connection:294)[0m
     Message: Database connection parameters: db=demo_noetl, user=demo, host=localhost, port=30543, schema=noetl
[31m[ERROR][0m  [1;33m(catalog:register_resource:69)[0m
     Message: Error registering resource: object dict can't be used in 'await' expression.
INFO:     ::1:58411 - "POST /api/catalog/register HTTP/1.1" 500 Internal Server Error
[36m[DEBUG][0m  [1;33m(common:get_pgdb_connection:294)[0m
     Message: Database connection parameters: db=demo_noetl, user=demo, host=localhost, port=30543, schema=noetl
[31m[ERROR][0m  [1;33m(catalog:register_resource:69)[0m
     Message: Error registering resource: object dict can't be used in 'await' expression.
INFO:     ::1:58413 - "POST /api/catalog/register HTTP/1.1" 500 Internal Server Error
[36m[DEBUG][0m  [1;33m(common:get_pgdb_connection:294)[0m
     Message: Database connection parameters: db=demo_noetl, user=demo, host=localhost, port=30543, schema=noetl
[31m[ERROR][0m  [1;33m(catalog:register_resource:69)[0m
     Message: Error registering resource: object dict can't be used in 'await' expression.
INFO:     ::1:58415 - "POST /api/catalog/register HTTP/1.1" 500 Internal Server Error
INFO:     ::1:58431 - "GET /api/health HTTP/1.1" 200 OK
INFO:     ::1:58431 - "GET /api/dashboard/stats HTTP/1.1" 200 OK
INFO:     ::1:58431 - "GET /api/dashboard/widgets HTTP/1.1" 200 OK
INFO:     ::1:58464 - "GET /api/health HTTP/1.1" 200 OK
INFO:     ::1:58515 - "GET /api/health HTTP/1.1" 200 OK
[37m[INFO][0m  [1;33m(worker:_on_worker_terminate:136)[0m
     Message: Worker pool process received signal 15, attempting graceful deregister
[37m[INFO][0m  [1;33m(worker:_on_worker_terminate:143)[0m
     Message: Worker: deregister succeeded (attempt 1)
All mandatory environment variables validated successfully
INFO:     ::1:58685 - "GET /api/health HTTP/1.1" 200 OK
INFO:     ::1:58685 - "GET /api/dashboard/stats HTTP/1.1" 200 OK
INFO:     ::1:58685 - "GET /api/dashboard/widgets HTTP/1.1" 200 OK
[36m[DEBUG][0m  [1;33m(common:get_pgdb_connection:294)[0m
     Message: Database connection parameters: db=demo_noetl, user=demo, host=localhost, port=30543, schema=noetl
[36m[DEBUG][0m  [1;33m(common:get_pgdb_connection:294)[0m
     Message: Database connection parameters: db=demo_noetl, user=demo, host=localhost, port=30543, schema=noetl
[37m[INFO][0m  [1;33m(common:initialize_db_pool:313)[0m
     Message: Database connection pool initialized successfully
INFO:     ::1:58687 - "GET /api/catalog/playbooks HTTP/1.1" 200 OK
INFO:     ::1:58688 - "GET /api/catalog/widgets HTTP/1.1" 200 OK
[36m[DEBUG][0m  [1;33m(common:get_pgdb_connection:294)[0m
     Message: Database connection parameters: db=demo_noetl, user=demo, host=localhost, port=30543, schema=noetl
INFO:     ::1:58696 - "POST /api/catalog/register HTTP/1.1" 200 OK
[36m[DEBUG][0m  [1;33m(common:get_pgdb_connection:294)[0m
     Message: Database connection parameters: db=demo_noetl, user=demo, host=localhost, port=30543, schema=noetl
INFO:     ::1:58698 - "POST /api/catalog/register HTTP/1.1" 200 OK
[36m[DEBUG][0m  [1;33m(common:get_pgdb_connection:294)[0m
     Message: Database connection parameters: db=demo_noetl, user=demo, host=localhost, port=30543, schema=noetl
INFO:     ::1:58700 - "POST /api/catalog/register HTTP/1.1" 200 OK
[36m[DEBUG][0m  [1;33m(common:get_pgdb_connection:294)[0m
     Message: Database connection parameters: db=demo_noetl, user=demo, host=localhost, port=30543, schema=noetl
INFO:     ::1:58702 - "POST /api/catalog/register HTTP/1.1" 200 OK
[36m[DEBUG][0m  [1;33m(common:get_pgdb_connection:294)[0m
     Message: Database connection parameters: db=demo_noetl, user=demo, host=localhost, port=30543, schema=noetl
INFO:     ::1:58704 - "POST /api/catalog/register HTTP/1.1" 200 OK
[36m[DEBUG][0m  [1;33m(common:get_pgdb_connection:294)[0m
     Message: Database connection parameters: db=demo_noetl, user=demo, host=localhost, port=30543, schema=noetl
INFO:     ::1:58706 - "POST /api/catalog/register HTTP/1.1" 200 OK
[36m[DEBUG][0m  [1;33m(common:get_pgdb_connection:294)[0m
     Message: Database connection parameters: db=demo_noetl, user=demo, host=localhost, port=30543, schema=noetl
INFO:     ::1:58708 - "POST /api/catalog/register HTTP/1.1" 200 OK
[36m[DEBUG][0m  [1;33m(common:get_pgdb_connection:294)[0m
     Message: Database connection parameters: db=demo_noetl, user=demo, host=localhost, port=30543, schema=noetl
INFO:     ::1:58710 - "POST /api/catalog/register HTTP/1.1" 200 OK
[36m[DEBUG][0m  [1;33m(common:get_pgdb_connection:294)[0m
     Message: Database connection parameters: db=demo_noetl, user=demo, host=localhost, port=30543, schema=noetl
INFO:     ::1:58712 - "POST /api/catalog/register HTTP/1.1" 200 OK
[36m[DEBUG][0m  [1;33m(common:get_pgdb_connection:294)[0m
     Message: Database connection parameters: db=demo_noetl, user=demo, host=localhost, port=30543, schema=noetl
INFO:     ::1:58714 - "POST /api/catalog/register HTTP/1.1" 200 OK
[36m[DEBUG][0m  [1;33m(common:get_pgdb_connection:294)[0m
     Message: Database connection parameters: db=demo_noetl, user=demo, host=localhost, port=30543, schema=noetl
INFO:     ::1:58716 - "POST /api/catalog/register HTTP/1.1" 200 OK
[36m[DEBUG][0m  [1;33m(common:get_pgdb_connection:294)[0m
     Message: Database connection parameters: db=demo_noetl, user=demo, host=localhost, port=30543, schema=noetl
INFO:     ::1:58724 - "POST /api/catalog/register HTTP/1.1" 200 OK
[36m[DEBUG][0m  [1;33m(common:get_pgdb_connection:294)[0m
     Message: Database connection parameters: db=demo_noetl, user=demo, host=localhost, port=30543, schema=noetl
INFO:     ::1:58726 - "POST /api/catalog/register HTTP/1.1" 200 OK
[36m[DEBUG][0m  [1;33m(common:get_pgdb_connection:294)[0m
     Message: Database connection parameters: db=demo_noetl, user=demo, host=localhost, port=30543, schema=noetl
INFO:     ::1:58728 - "POST /api/catalog/register HTTP/1.1" 200 OK
[36m[DEBUG][0m  [1;33m(common:get_pgdb_connection:294)[0m
     Message: Database connection parameters: db=demo_noetl, user=demo, host=localhost, port=30543, schema=noetl
INFO:     ::1:58730 - "POST /api/catalog/register HTTP/1.1" 200 OK
[36m[DEBUG][0m  [1;33m(common:get_pgdb_connection:294)[0m
     Message: Database connection parameters: db=demo_noetl, user=demo, host=localhost, port=30543, schema=noetl
INFO:     ::1:58732 - "POST /api/catalog/register HTTP/1.1" 200 OK
[36m[DEBUG][0m  [1;33m(common:get_pgdb_connection:294)[0m
     Message: Database connection parameters: db=demo_noetl, user=demo, host=localhost, port=30543, schema=noetl
INFO:     ::1:58734 - "POST /api/catalog/register HTTP/1.1" 200 OK
[36m[DEBUG][0m  [1;33m(common:get_pgdb_connection:294)[0m
     Message: Database connection parameters: db=demo_noetl, user=demo, host=localhost, port=30543, schema=noetl
INFO:     ::1:58737 - "POST /api/catalog/register HTTP/1.1" 200 OK
[36m[DEBUG][0m  [1;33m(common:get_pgdb_connection:294)[0m
     Message: Database connection parameters: db=demo_noetl, user=demo, host=localhost, port=30543, schema=noetl
INFO:     ::1:58739 - "POST /api/catalog/register HTTP/1.1" 200 OK
[36m[DEBUG][0m  [1;33m(common:get_pgdb_connection:294)[0m
     Message: Database connection parameters: db=demo_noetl, user=demo, host=localhost, port=30543, schema=noetl
INFO:     ::1:58741 - "POST /api/catalog/register HTTP/1.1" 200 OK
[36m[DEBUG][0m  [1;33m(common:get_pgdb_connection:294)[0m
     Message: Database connection parameters: db=demo_noetl, user=demo, host=localhost, port=30543, schema=noetl
INFO:     ::1:58743 - "POST /api/catalog/register HTTP/1.1" 200 OK
[36m[DEBUG][0m  [1;33m(common:get_pgdb_connection:294)[0m
     Message: Database connection parameters: db=demo_noetl, user=demo, host=localhost, port=30543, schema=noetl
INFO:     ::1:58745 - "POST /api/catalog/register HTTP/1.1" 200 OK
INFO:     ::1:59004 - "GET /api/health HTTP/1.1" 200 OK
INFO:     ::1:59004 - "GET /api/dashboard/stats HTTP/1.1" 200 OK
INFO:     ::1:59004 - "GET /api/dashboard/widgets HTTP/1.1" 200 OK
[36m[DEBUG][0m  [1;33m(common:get_pgdb_connection:294)[0m
     Message: Database connection parameters: db=demo_noetl, user=demo, host=localhost, port=30543, schema=noetl
INFO:     ::1:59005 - "GET /api/catalog/playbooks HTTP/1.1" 200 OK
INFO:     ::1:59006 - "GET /api/catalog/widgets HTTP/1.1" 200 OK
INFO:     ::1:59008 - "GET /api/executions HTTP/1.1" 200 OK
[37m[INFO][0m  [1;33m(catalog:get_catalog_playbook_content:217)[0m
     Message: Received playbook_id: 'examples/github_metrics_example'
[36m[DEBUG][0m  [1;33m(common:get_pgdb_connection:294)[0m
     Message: Database connection parameters: db=demo_noetl, user=demo, host=localhost, port=30543, schema=noetl
[36m[DEBUG][0m  [1;33m(common:get_pgdb_connection:294)[0m
     Message: Database connection parameters: db=demo_noetl, user=demo, host=localhost, port=30543, schema=noetl
[37m[INFO][0m  [1;33m(common:initialize_async_db_pool:328)[0m
     Message: Async database connection pool initialized successfully
[37m[INFO][0m  [1;33m(catalog:get_catalog_playbook_content:224)[0m
     Message: Latest version for 'examples/github_metrics_example': '0.1.1'
INFO:     ::1:59009 - "GET /api/catalog/playbooks/content?playbook_id=examples/github_metrics_example HTTP/1.1" 200 OK
INFO:     ::1:59012 - "GET /api/executions HTTP/1.1" 200 OK
INFO:     ::1:59013 - "GET /api/executions HTTP/1.1" 200 OK
INFO:     ::1:59016 - "GET /api/executions HTTP/1.1" 200 OK
INFO:     ::1:59018 - "GET /api/executions HTTP/1.1" 200 OK
INFO:     ::1:59019 - "GET /api/executions HTTP/1.1" 200 OK
INFO:     ::1:59020 - "GET /api/executions HTTP/1.1" 200 OK
INFO:     ::1:59021 - "GET /api/executions HTTP/1.1" 200 OK
INFO:     ::1:59026 - "GET /api/executions HTTP/1.1" 200 OK
INFO:     ::1:59027 - "GET /api/executions HTTP/1.1" 200 OK
INFO:     ::1:59028 - "GET /api/executions HTTP/1.1" 200 OK
INFO:     ::1:59029 - "GET /api/executions HTTP/1.1" 200 OK
INFO:     ::1:59031 - "GET /api/executions HTTP/1.1" 200 OK
INFO:     ::1:59032 - "GET /api/executions HTTP/1.1" 200 OK
INFO:     ::1:59033 - "GET /api/executions HTTP/1.1" 200 OK
INFO:     ::1:59034 - "GET /api/executions HTTP/1.1" 200 OK
INFO:     ::1:59037 - "GET /api/executions HTTP/1.1" 200 OK
INFO:     ::1:59039 - "GET /api/executions HTTP/1.1" 200 OK
INFO:     ::1:59048 - "GET /api/executions HTTP/1.1" 200 OK
INFO:     ::1:59051 - "GET /api/executions HTTP/1.1" 200 OK
INFO:     ::1:59060 - "GET /api/executions HTTP/1.1" 200 OK
INFO:     ::1:59064 - "GET /api/executions HTTP/1.1" 200 OK
INFO:     ::1:59067 - "GET /api/executions HTTP/1.1" 200 OK
INFO:     ::1:59069 - "GET /api/executions HTTP/1.1" 200 OK
INFO:     ::1:59072 - "GET /api/executions HTTP/1.1" 200 OK
INFO:     ::1:59073 - "GET /api/executions HTTP/1.1" 200 OK
INFO:     ::1:59074 - "GET /api/executions HTTP/1.1" 200 OK
INFO:     ::1:59075 - "GET /api/executions HTTP/1.1" 200 OK
INFO:     ::1:59080 - "GET /api/executions HTTP/1.1" 200 OK
INFO:     ::1:59087 - "GET /api/executions HTTP/1.1" 200 OK
INFO:     ::1:59096 - "GET /api/executions HTTP/1.1" 200 OK
INFO:     ::1:59114 - "GET /api/executions HTTP/1.1" 200 OK
INFO:     ::1:59130 - "GET /api/executions HTTP/1.1" 200 OK
INFO:     ::1:59146 - "GET /api/executions HTTP/1.1" 200 OK
INFO:     ::1:59164 - "GET /api/executions HTTP/1.1" 200 OK
INFO:     ::1:59169 - "GET /api/executions HTTP/1.1" 200 OK
INFO:     ::1:59171 - "GET /api/executions HTTP/1.1" 200 OK
INFO:     ::1:59173 - "GET /api/executions HTTP/1.1" 200 OK
INFO:     ::1:59174 - "GET /api/executions HTTP/1.1" 200 OK
INFO:     ::1:59175 - "GET /api/executions HTTP/1.1" 200 OK
INFO:     ::1:59176 - "GET /api/executions HTTP/1.1" 200 OK
INFO:     ::1:59179 - "GET /api/executions HTTP/1.1" 200 OK
INFO:     ::1:59181 - "GET /api/executions HTTP/1.1" 200 OK
INFO:     ::1:59182 - "GET /api/executions HTTP/1.1" 200 OK
INFO:     ::1:59185 - "GET /api/executions HTTP/1.1" 200 OK
INFO:     ::1:59188 - "GET /api/executions HTTP/1.1" 200 OK
INFO:     ::1:59196 - "GET /api/executions HTTP/1.1" 200 OK
INFO:     ::1:59203 - "GET /api/executions HTTP/1.1" 200 OK
INFO:     ::1:59217 - "GET /api/executions HTTP/1.1" 200 OK
INFO:     ::1:59222 - "GET /api/executions HTTP/1.1" 200 OK
INFO:     ::1:59226 - "GET /api/executions HTTP/1.1" 200 OK
INFO:     ::1:59230 - "GET /api/executions HTTP/1.1" 200 OK
INFO:     ::1:59235 - "GET /api/executions HTTP/1.1" 200 OK
INFO:     ::1:59240 - "GET /api/executions HTTP/1.1" 200 OK
INFO:     ::1:59244 - "GET /api/executions HTTP/1.1" 200 OK
INFO:     ::1:59251 - "GET /api/executions HTTP/1.1" 200 OK
INFO:     ::1:59255 - "GET /api/executions HTTP/1.1" 200 OK
INFO:     ::1:59259 - "GET /api/executions HTTP/1.1" 200 OK
INFO:     ::1:59265 - "GET /api/executions HTTP/1.1" 200 OK
INFO:     ::1:59270 - "GET /api/executions HTTP/1.1" 200 OK
INFO:     ::1:59274 - "GET /api/executions HTTP/1.1" 200 OK
INFO:     ::1:59278 - "GET /api/executions HTTP/1.1" 200 OK
INFO:     ::1:59286 - "GET /api/executions HTTP/1.1" 200 OK
INFO:     ::1:59291 - "GET /api/executions HTTP/1.1" 200 OK
INFO:     ::1:59297 - "GET /api/executions HTTP/1.1" 200 OK
INFO:     ::1:59309 - "GET /api/executions HTTP/1.1" 200 OK
INFO:     ::1:59333 - "GET /api/executions HTTP/1.1" 200 OK
INFO:     ::1:59343 - "GET /api/executions HTTP/1.1" 200 OK
INFO:     ::1:59348 - "GET /api/executions HTTP/1.1" 200 OK
INFO:     ::1:59372 - "GET /api/executions HTTP/1.1" 200 OK
INFO:     ::1:59386 - "GET /api/executions HTTP/1.1" 200 OK
INFO:     ::1:59397 - "GET /api/executions HTTP/1.1" 200 OK
INFO:     ::1:59404 - "GET /api/executions HTTP/1.1" 200 OK
INFO:     ::1:59428 - "GET /api/executions HTTP/1.1" 200 OK
INFO:     ::1:59444 - "GET /api/executions HTTP/1.1" 200 OK
INFO:     ::1:59453 - "GET /api/executions HTTP/1.1" 200 OK
INFO:     ::1:59467 - "GET /api/executions HTTP/1.1" 200 OK
INFO:     ::1:59472 - "GET /api/executions HTTP/1.1" 200 OK
INFO:     ::1:59488 - "GET /api/executions HTTP/1.1" 200 OK
INFO:     ::1:59503 - "GET /api/executions HTTP/1.1" 200 OK
INFO:     ::1:59513 - "GET /api/executions HTTP/1.1" 200 OK
INFO:     ::1:59529 - "GET /api/executions HTTP/1.1" 200 OK
