INFO:     Started server process [95768]
INFO:     Waiting for application startup.
INFO:     Application startup complete.
INFO:     Uvicorn running on http://localhost:8082 (Press CTRL+C to quit)
INFO:     Started server process [95847]
INFO:     Waiting for application startup.
INFO:     Application startup complete.
ERROR:    [Errno 48] error while attempting to bind on address ('::1', 8082, 0, 0): [errno 48] address already in use
INFO:     Waiting for application shutdown.
INFO:     Application shutdown complete.
[WARNING] 2025-08-26T18:48:00,833 (psycopg.pool:_reset_connection:761) - rolling back returned connection: <psycopg.Connection [INTRANS] (host=localhost port=30543 user=demo database=demo_noetl) at 0x101114140>
[WARNING] 2025-08-26T18:48:00,851 (psycopg.pool:_reset_connection:761) - rolling back returned connection: <psycopg.Connection [INTRANS] (host=localhost port=30543 user=demo database=demo_noetl) at 0x104753a70>
[WARNING] 2025-08-26T18:48:05,541 (psycopg.pool:_reset_connection:761) - rolling back returned connection: <psycopg.Connection [INTRANS] (host=localhost port=30543 user=demo database=demo_noetl) at 0x101114140>
[WARNING] 2025-08-26T18:48:05,552 (psycopg.pool:_reset_connection:761) - rolling back returned connection: <psycopg.Connection [INTRANS] (host=localhost port=30543 user=demo database=demo_noetl) at 0x104753a70>
[WARNING] 2025-08-26T18:48:46,586 (psycopg.pool:_reset_connection:761) - rolling back returned connection: <psycopg.Connection [INTRANS] (host=localhost port=30543 user=demo database=demo_noetl) at 0x101114140>
[WARNING] 2025-08-26T18:48:46,872 (psycopg.pool:_reset_connection:761) - rolling back returned connection: <psycopg.Connection [INTRANS] (host=localhost port=30543 user=demo database=demo_noetl) at 0x101114140>
[WARNING] 2025-08-26T18:48:47,157 (psycopg.pool:_reset_connection:761) - rolling back returned connection: <psycopg.Connection [INTRANS] (host=localhost port=30543 user=demo database=demo_noetl) at 0x101114140>
[WARNING] 2025-08-26T18:48:47,442 (psycopg.pool:_reset_connection:761) - rolling back returned connection: <psycopg.Connection [INTRANS] (host=localhost port=30543 user=demo database=demo_noetl) at 0x101114140>
[WARNING] 2025-08-26T18:48:47,733 (psycopg.pool:_reset_connection:761) - rolling back returned connection: <psycopg.Connection [INTRANS] (host=localhost port=30543 user=demo database=demo_noetl) at 0x101114140>
[WARNING] 2025-08-26T18:48:48,021 (psycopg.pool:_reset_connection:761) - rolling back returned connection: <psycopg.Connection [INTRANS] (host=localhost port=30543 user=demo database=demo_noetl) at 0x101114140>
[WARNING] 2025-08-26T18:48:48,310 (psycopg.pool:_reset_connection:761) - rolling back returned connection: <psycopg.Connection [INTRANS] (host=localhost port=30543 user=demo database=demo_noetl) at 0x101114140>
[WARNING] 2025-08-26T18:48:48,601 (psycopg.pool:_reset_connection:761) - rolling back returned connection: <psycopg.Connection [INTRANS] (host=localhost port=30543 user=demo database=demo_noetl) at 0x101114140>
[WARNING] 2025-08-26T18:48:48,890 (psycopg.pool:_reset_connection:761) - rolling back returned connection: <psycopg.Connection [INTRANS] (host=localhost port=30543 user=demo database=demo_noetl) at 0x101114140>
[WARNING] 2025-08-26T18:48:49,180 (psycopg.pool:_reset_connection:761) - rolling back returned connection: <psycopg.Connection [INTRANS] (host=localhost port=30543 user=demo database=demo_noetl) at 0x101114140>
[WARNING] 2025-08-26T18:48:49,471 (psycopg.pool:_reset_connection:761) - rolling back returned connection: <psycopg.Connection [INTRANS] (host=localhost port=30543 user=demo database=demo_noetl) at 0x101114140>
INFO:     Started server process [97051]
INFO:     Waiting for application startup.
INFO:     Application startup complete.
ERROR:    [Errno 48] error while attempting to bind on address ('127.0.0.1', 8082): [errno 48] address already in use
INFO:     Waiting for application shutdown.
INFO:     Application shutdown complete.
INFO:     Started server process [97197]
INFO:     Waiting for application startup.
INFO:     Application startup complete.
ERROR:    [Errno 48] error while attempting to bind on address ('::1', 8082, 0, 0): [errno 48] address already in use
INFO:     Waiting for application shutdown.
INFO:     Application shutdown complete.
[WARNING] 2025-08-26T18:55:09,585 (psycopg.pool:_reset_connection:761) - rolling back returned connection: <psycopg.Connection [INTRANS] (host=localhost port=30543 user=demo database=demo_noetl) at 0x101114140>
[WARNING] 2025-08-26T18:55:09,875 (psycopg.pool:_reset_connection:761) - rolling back returned connection: <psycopg.Connection [INTRANS] (host=localhost port=30543 user=demo database=demo_noetl) at 0x101114140>
[WARNING] 2025-08-26T18:55:10,158 (psycopg.pool:_reset_connection:761) - rolling back returned connection: <psycopg.Connection [INTRANS] (host=localhost port=30543 user=demo database=demo_noetl) at 0x101114140>
[WARNING] 2025-08-26T18:55:10,454 (psycopg.pool:_reset_connection:761) - rolling back returned connection: <psycopg.Connection [INTRANS] (host=localhost port=30543 user=demo database=demo_noetl) at 0x101114140>
[WARNING] 2025-08-26T18:55:10,744 (psycopg.pool:_reset_connection:761) - rolling back returned connection: <psycopg.Connection [INTRANS] (host=localhost port=30543 user=demo database=demo_noetl) at 0x101114140>
[WARNING] 2025-08-26T18:55:11,030 (psycopg.pool:_reset_connection:761) - rolling back returned connection: <psycopg.Connection [INTRANS] (host=localhost port=30543 user=demo database=demo_noetl) at 0x101114140>
[WARNING] 2025-08-26T18:55:11,314 (psycopg.pool:_reset_connection:761) - rolling back returned connection: <psycopg.Connection [INTRANS] (host=localhost port=30543 user=demo database=demo_noetl) at 0x101114140>
[WARNING] 2025-08-26T18:55:11,609 (psycopg.pool:_reset_connection:761) - rolling back returned connection: <psycopg.Connection [INTRANS] (host=localhost port=30543 user=demo database=demo_noetl) at 0x101114140>
[WARNING] 2025-08-26T18:55:11,902 (psycopg.pool:_reset_connection:761) - rolling back returned connection: <psycopg.Connection [INTRANS] (host=localhost port=30543 user=demo database=demo_noetl) at 0x101114140>
[WARNING] 2025-08-26T18:55:12,192 (psycopg.pool:_reset_connection:761) - rolling back returned connection: <psycopg.Connection [INTRANS] (host=localhost port=30543 user=demo database=demo_noetl) at 0x101114140>
[WARNING] 2025-08-26T18:55:12,486 (psycopg.pool:_reset_connection:761) - rolling back returned connection: <psycopg.Connection [INTRANS] (host=localhost port=30543 user=demo database=demo_noetl) at 0x101114140>
INFO:     Started server process [1474]
INFO:     Waiting for application startup.
INFO:     Application startup complete.
INFO:     Uvicorn running on http://localhost:8082 (Press CTRL+C to quit)
[WARNING] 2025-08-26T19:10:29,150 (psycopg.pool:_reset_connection:761) - rolling back returned connection: <psycopg.Connection [INTRANS] (host=localhost port=30543 user=demo database=demo_noetl) at 0x1088744d0>
[WARNING] 2025-08-26T19:10:29,161 (psycopg.pool:_reset_connection:761) - rolling back returned connection: <psycopg.Connection [INTRANS] (host=localhost port=30543 user=demo database=demo_noetl) at 0x1088743e0>
[WARNING] 2025-08-26T19:11:14,632 (psycopg.pool:_reset_connection:761) - rolling back returned connection: <psycopg.Connection [INTRANS] (host=localhost port=30543 user=demo database=demo_noetl) at 0x1088744d0>
[WARNING] 2025-08-26T19:11:14,932 (psycopg.pool:_reset_connection:761) - rolling back returned connection: <psycopg.Connection [INTRANS] (host=localhost port=30543 user=demo database=demo_noetl) at 0x1088744d0>
[WARNING] 2025-08-26T19:11:15,214 (psycopg.pool:_reset_connection:761) - rolling back returned connection: <psycopg.Connection [INTRANS] (host=localhost port=30543 user=demo database=demo_noetl) at 0x1088744d0>
[WARNING] 2025-08-26T19:11:15,497 (psycopg.pool:_reset_connection:761) - rolling back returned connection: <psycopg.Connection [INTRANS] (host=localhost port=30543 user=demo database=demo_noetl) at 0x1088744d0>
[WARNING] 2025-08-26T19:11:15,782 (psycopg.pool:_reset_connection:761) - rolling back returned connection: <psycopg.Connection [INTRANS] (host=localhost port=30543 user=demo database=demo_noetl) at 0x1088744d0>
[WARNING] 2025-08-26T19:11:16,073 (psycopg.pool:_reset_connection:761) - rolling back returned connection: <psycopg.Connection [INTRANS] (host=localhost port=30543 user=demo database=demo_noetl) at 0x1088744d0>
[WARNING] 2025-08-26T19:11:16,358 (psycopg.pool:_reset_connection:761) - rolling back returned connection: <psycopg.Connection [INTRANS] (host=localhost port=30543 user=demo database=demo_noetl) at 0x1088744d0>
[WARNING] 2025-08-26T19:11:16,652 (psycopg.pool:_reset_connection:761) - rolling back returned connection: <psycopg.Connection [INTRANS] (host=localhost port=30543 user=demo database=demo_noetl) at 0x1088744d0>
[WARNING] 2025-08-26T19:11:16,942 (psycopg.pool:_reset_connection:761) - rolling back returned connection: <psycopg.Connection [INTRANS] (host=localhost port=30543 user=demo database=demo_noetl) at 0x1088744d0>
[WARNING] 2025-08-26T19:11:17,231 (psycopg.pool:_reset_connection:761) - rolling back returned connection: <psycopg.Connection [INTRANS] (host=localhost port=30543 user=demo database=demo_noetl) at 0x1088744d0>
[WARNING] 2025-08-26T19:11:17,524 (psycopg.pool:_reset_connection:761) - rolling back returned connection: <psycopg.Connection [INTRANS] (host=localhost port=30543 user=demo database=demo_noetl) at 0x1088744d0>
[WARNING] 2025-08-26T19:12:11,566 (psycopg.pool:_reset_connection:761) - rolling back returned connection: <psycopg.Connection [INTRANS] (host=localhost port=30543 user=demo database=demo_noetl) at 0x1088744d0>
[WARNING] 2025-08-26T19:12:11,858 (psycopg.pool:_reset_connection:761) - rolling back returned connection: <psycopg.Connection [INTRANS] (host=localhost port=30543 user=demo database=demo_noetl) at 0x1088744d0>
[WARNING] 2025-08-26T19:12:12,144 (psycopg.pool:_reset_connection:761) - rolling back returned connection: <psycopg.Connection [INTRANS] (host=localhost port=30543 user=demo database=demo_noetl) at 0x1088744d0>
[WARNING] 2025-08-26T19:12:12,431 (psycopg.pool:_reset_connection:761) - rolling back returned connection: <psycopg.Connection [INTRANS] (host=localhost port=30543 user=demo database=demo_noetl) at 0x1088744d0>
[WARNING] 2025-08-26T19:12:12,728 (psycopg.pool:_reset_connection:761) - rolling back returned connection: <psycopg.Connection [INTRANS] (host=localhost port=30543 user=demo database=demo_noetl) at 0x1088744d0>
[WARNING] 2025-08-26T19:12:13,020 (psycopg.pool:_reset_connection:761) - rolling back returned connection: <psycopg.Connection [INTRANS] (host=localhost port=30543 user=demo database=demo_noetl) at 0x1088744d0>
[WARNING] 2025-08-26T19:12:13,309 (psycopg.pool:_reset_connection:761) - rolling back returned connection: <psycopg.Connection [INTRANS] (host=localhost port=30543 user=demo database=demo_noetl) at 0x1088744d0>
[WARNING] 2025-08-26T19:12:13,606 (psycopg.pool:_reset_connection:761) - rolling back returned connection: <psycopg.Connection [INTRANS] (host=localhost port=30543 user=demo database=demo_noetl) at 0x1088744d0>
[WARNING] 2025-08-26T19:12:13,901 (psycopg.pool:_reset_connection:761) - rolling back returned connection: <psycopg.Connection [INTRANS] (host=localhost port=30543 user=demo database=demo_noetl) at 0x1088744d0>
[WARNING] 2025-08-26T19:12:14,189 (psycopg.pool:_reset_connection:761) - rolling back returned connection: <psycopg.Connection [INTRANS] (host=localhost port=30543 user=demo database=demo_noetl) at 0x1088744d0>
[WARNING] 2025-08-26T19:12:14,483 (psycopg.pool:_reset_connection:761) - rolling back returned connection: <psycopg.Connection [INTRANS] (host=localhost port=30543 user=demo database=demo_noetl) at 0x1088744d0>
[WARNING] 2025-08-26T20:37:27,179 (psycopg.pool:_reset_connection:761) - rolling back returned connection: <psycopg.Connection [INTRANS] (host=localhost port=30543 user=demo database=demo_noetl) at 0x1088743e0>
[WARNING] 2025-08-26T20:37:27,191 (psycopg.pool:_reset_connection:761) - rolling back returned connection: <psycopg.Connection [INTRANS] (host=localhost port=30543 user=demo database=demo_noetl) at 0x1088743e0>
[WARNING] 2025-08-26T20:37:34,736 (psycopg.pool:_reset_connection:761) - rolling back returned connection: <psycopg.Connection [INTRANS] (host=localhost port=30543 user=demo database=demo_noetl) at 0x1088743e0>
[WARNING] 2025-08-26T20:37:34,768 (psycopg.pool:_reset_connection:761) - rolling back returned connection: <psycopg.Connection [INTRANS] (host=localhost port=30543 user=demo database=demo_noetl) at 0x1088743e0>
[WARNING] 2025-08-26T20:37:39,879 (psycopg.pool:_reset_connection:761) - rolling back returned connection: <psycopg.Connection [INTRANS] (host=localhost port=30543 user=demo database=demo_noetl) at 0x1088743e0>
[WARNING] 2025-08-26T20:37:44,878 (psycopg.pool:_reset_connection:761) - rolling back returned connection: <psycopg.Connection [INTRANS] (host=localhost port=30543 user=demo database=demo_noetl) at 0x1088743e0>
[WARNING] 2025-08-26T20:37:49,878 (psycopg.pool:_reset_connection:761) - rolling back returned connection: <psycopg.Connection [INTRANS] (host=localhost port=30543 user=demo database=demo_noetl) at 0x1088743e0>
[WARNING] 2025-08-26T20:37:54,882 (psycopg.pool:_reset_connection:761) - rolling back returned connection: <psycopg.Connection [INTRANS] (host=localhost port=30543 user=demo database=demo_noetl) at 0x1088743e0>
[WARNING] 2025-08-26T20:37:59,876 (psycopg.pool:_reset_connection:761) - rolling back returned connection: <psycopg.Connection [INTRANS] (host=localhost port=30543 user=demo database=demo_noetl) at 0x1088743e0>
[WARNING] 2025-08-26T20:38:04,876 (psycopg.pool:_reset_connection:761) - rolling back returned connection: <psycopg.Connection [INTRANS] (host=localhost port=30543 user=demo database=demo_noetl) at 0x1088743e0>
[WARNING] 2025-08-26T20:38:09,878 (psycopg.pool:_reset_connection:761) - rolling back returned connection: <psycopg.Connection [INTRANS] (host=localhost port=30543 user=demo database=demo_noetl) at 0x1088743e0>
[WARNING] 2025-08-26T20:38:14,878 (psycopg.pool:_reset_connection:761) - rolling back returned connection: <psycopg.Connection [INTRANS] (host=localhost port=30543 user=demo database=demo_noetl) at 0x1088743e0>
[WARNING] 2025-08-26T20:38:19,878 (psycopg.pool:_reset_connection:761) - rolling back returned connection: <psycopg.Connection [INTRANS] (host=localhost port=30543 user=demo database=demo_noetl) at 0x1088743e0>
[WARNING] 2025-08-26T20:38:24,880 (psycopg.pool:_reset_connection:761) - rolling back returned connection: <psycopg.Connection [INTRANS] (host=localhost port=30543 user=demo database=demo_noetl) at 0x1088743e0>
[WARNING] 2025-08-26T20:38:29,878 (psycopg.pool:_reset_connection:761) - rolling back returned connection: <psycopg.Connection [INTRANS] (host=localhost port=30543 user=demo database=demo_noetl) at 0x1088743e0>
[WARNING] 2025-08-26T20:38:34,737 (psycopg.pool:_reset_connection:761) - rolling back returned connection: <psycopg.Connection [INTRANS] (host=localhost port=30543 user=demo database=demo_noetl) at 0x1088743e0>
[WARNING] 2025-08-26T20:38:39,874 (psycopg.pool:_reset_connection:761) - rolling back returned connection: <psycopg.Connection [INTRANS] (host=localhost port=30543 user=demo database=demo_noetl) at 0x1088743e0>
[WARNING] 2025-08-26T20:38:44,733 (psycopg.pool:_reset_connection:761) - rolling back returned connection: <psycopg.Connection [INTRANS] (host=localhost port=30543 user=demo database=demo_noetl) at 0x1088743e0>
[WARNING] 2025-08-26T20:38:49,736 (psycopg.pool:_reset_connection:761) - rolling back returned connection: <psycopg.Connection [INTRANS] (host=localhost port=30543 user=demo database=demo_noetl) at 0x1088743e0>
[WARNING] 2025-08-26T20:38:54,876 (psycopg.pool:_reset_connection:761) - rolling back returned connection: <psycopg.Connection [INTRANS] (host=localhost port=30543 user=demo database=demo_noetl) at 0x1088743e0>
[WARNING] 2025-08-26T20:38:59,879 (psycopg.pool:_reset_connection:761) - rolling back returned connection: <psycopg.Connection [INTRANS] (host=localhost port=30543 user=demo database=demo_noetl) at 0x1088743e0>
[WARNING] 2025-08-26T20:39:04,877 (psycopg.pool:_reset_connection:761) - rolling back returned connection: <psycopg.Connection [INTRANS] (host=localhost port=30543 user=demo database=demo_noetl) at 0x1088743e0>
[WARNING] 2025-08-26T20:39:09,878 (psycopg.pool:_reset_connection:761) - rolling back returned connection: <psycopg.Connection [INTRANS] (host=localhost port=30543 user=demo database=demo_noetl) at 0x1088743e0>
[WARNING] 2025-08-26T20:39:14,877 (psycopg.pool:_reset_connection:761) - rolling back returned connection: <psycopg.Connection [INTRANS] (host=localhost port=30543 user=demo database=demo_noetl) at 0x1088743e0>
[WARNING] 2025-08-26T20:39:19,880 (psycopg.pool:_reset_connection:761) - rolling back returned connection: <psycopg.Connection [INTRANS] (host=localhost port=30543 user=demo database=demo_noetl) at 0x1088743e0>
[WARNING] 2025-08-26T20:39:24,880 (psycopg.pool:_reset_connection:761) - rolling back returned connection: <psycopg.Connection [INTRANS] (host=localhost port=30543 user=demo database=demo_noetl) at 0x1088743e0>
[WARNING] 2025-08-26T20:39:29,878 (psycopg.pool:_reset_connection:761) - rolling back returned connection: <psycopg.Connection [INTRANS] (host=localhost port=30543 user=demo database=demo_noetl) at 0x1088743e0>
[WARNING] 2025-08-26T20:39:34,878 (psycopg.pool:_reset_connection:761) - rolling back returned connection: <psycopg.Connection [INTRANS] (host=localhost port=30543 user=demo database=demo_noetl) at 0x1088743e0>
[WARNING] 2025-08-26T20:39:39,879 (psycopg.pool:_reset_connection:761) - rolling back returned connection: <psycopg.Connection [INTRANS] (host=localhost port=30543 user=demo database=demo_noetl) at 0x1088743e0>
[WARNING] 2025-08-26T20:39:44,879 (psycopg.pool:_reset_connection:761) - rolling back returned connection: <psycopg.Connection [INTRANS] (host=localhost port=30543 user=demo database=demo_noetl) at 0x1088743e0>
[WARNING] 2025-08-26T20:39:49,877 (psycopg.pool:_reset_connection:761) - rolling back returned connection: <psycopg.Connection [INTRANS] (host=localhost port=30543 user=demo database=demo_noetl) at 0x1088743e0>
[WARNING] 2025-08-26T20:39:58,891 (psycopg.pool:_reset_connection:761) - rolling back returned connection: <psycopg.Connection [INTRANS] (host=localhost port=30543 user=demo database=demo_noetl) at 0x1088743e0>
[WARNING] 2025-08-26T20:40:58,889 (psycopg.pool:_reset_connection:761) - rolling back returned connection: <psycopg.Connection [INTRANS] (host=localhost port=30543 user=demo database=demo_noetl) at 0x1088743e0>
[WARNING] 2025-08-26T20:41:58,891 (psycopg.pool:_reset_connection:761) - rolling back returned connection: <psycopg.Connection [INTRANS] (host=localhost port=30543 user=demo database=demo_noetl) at 0x1088743e0>
[WARNING] 2025-08-26T20:42:58,884 (psycopg.pool:_reset_connection:761) - rolling back returned connection: <psycopg.Connection [INTRANS] (host=localhost port=30543 user=demo database=demo_noetl) at 0x1088743e0>
[WARNING] 2025-08-26T20:44:00,992 (psycopg.pool:_reset_connection:761) - rolling back returned connection: <psycopg.Connection [INTRANS] (host=localhost port=30543 user=demo database=demo_noetl) at 0x1088743e0>
[WARNING] 2025-08-26T20:45:00,969 (psycopg.pool:_reset_connection:761) - rolling back returned connection: <psycopg.Connection [INTRANS] (host=localhost port=30543 user=demo database=demo_noetl) at 0x1088743e0>
[WARNING] 2025-08-26T20:45:42,076 (psycopg.pool:_reset_connection:761) - rolling back returned connection: <psycopg.Connection [INTRANS] (host=localhost port=30543 user=demo database=demo_noetl) at 0x1088743e0>
[WARNING] 2025-08-26T20:45:46,963 (psycopg.pool:_reset_connection:761) - rolling back returned connection: <psycopg.Connection [INTRANS] (host=localhost port=30543 user=demo database=demo_noetl) at 0x1088743e0>
[WARNING] 2025-08-26T20:45:51,959 (psycopg.pool:_reset_connection:761) - rolling back returned connection: <psycopg.Connection [INTRANS] (host=localhost port=30543 user=demo database=demo_noetl) at 0x1088743e0>
[WARNING] 2025-08-26T20:45:56,960 (psycopg.pool:_reset_connection:761) - rolling back returned connection: <psycopg.Connection [INTRANS] (host=localhost port=30543 user=demo database=demo_noetl) at 0x1088743e0>
[WARNING] 2025-08-26T20:46:01,959 (psycopg.pool:_reset_connection:761) - rolling back returned connection: <psycopg.Connection [INTRANS] (host=localhost port=30543 user=demo database=demo_noetl) at 0x1088743e0>
[WARNING] 2025-08-26T20:46:06,958 (psycopg.pool:_reset_connection:761) - rolling back returned connection: <psycopg.Connection [INTRANS] (host=localhost port=30543 user=demo database=demo_noetl) at 0x1088743e0>
[WARNING] 2025-08-26T20:46:11,958 (psycopg.pool:_reset_connection:761) - rolling back returned connection: <psycopg.Connection [INTRANS] (host=localhost port=30543 user=demo database=demo_noetl) at 0x1088743e0>
[WARNING] 2025-08-26T20:46:16,957 (psycopg.pool:_reset_connection:761) - rolling back returned connection: <psycopg.Connection [INTRANS] (host=localhost port=30543 user=demo database=demo_noetl) at 0x1088743e0>
[WARNING] 2025-08-26T20:46:21,955 (psycopg.pool:_reset_connection:761) - rolling back returned connection: <psycopg.Connection [INTRANS] (host=localhost port=30543 user=demo database=demo_noetl) at 0x1088743e0>
[WARNING] 2025-08-26T20:46:26,958 (psycopg.pool:_reset_connection:761) - rolling back returned connection: <psycopg.Connection [INTRANS] (host=localhost port=30543 user=demo database=demo_noetl) at 0x1088743e0>
[WARNING] 2025-08-26T20:46:31,958 (psycopg.pool:_reset_connection:761) - rolling back returned connection: <psycopg.Connection [INTRANS] (host=localhost port=30543 user=demo database=demo_noetl) at 0x1088743e0>
[WARNING] 2025-08-26T20:46:36,958 (psycopg.pool:_reset_connection:761) - rolling back returned connection: <psycopg.Connection [INTRANS] (host=localhost port=30543 user=demo database=demo_noetl) at 0x1088743e0>
[WARNING] 2025-08-26T20:46:41,958 (psycopg.pool:_reset_connection:761) - rolling back returned connection: <psycopg.Connection [INTRANS] (host=localhost port=30543 user=demo database=demo_noetl) at 0x1088743e0>
[WARNING] 2025-08-26T20:47:00,973 (psycopg.pool:_reset_connection:761) - rolling back returned connection: <psycopg.Connection [INTRANS] (host=localhost port=30543 user=demo database=demo_noetl) at 0x1088743e0>
[WARNING] 2025-08-26T20:48:00,965 (psycopg.pool:_reset_connection:761) - rolling back returned connection: <psycopg.Connection [INTRANS] (host=localhost port=30543 user=demo database=demo_noetl) at 0x1088743e0>
[WARNING] 2025-08-26T20:49:00,965 (psycopg.pool:_reset_connection:761) - rolling back returned connection: <psycopg.Connection [INTRANS] (host=localhost port=30543 user=demo database=demo_noetl) at 0x1088743e0>
[WARNING] 2025-08-26T20:50:00,990 (psycopg.pool:_reset_connection:761) - rolling back returned connection: <psycopg.Connection [INTRANS] (host=localhost port=30543 user=demo database=demo_noetl) at 0x1088743e0>
[WARNING] 2025-08-26T20:51:00,969 (psycopg.pool:_reset_connection:761) - rolling back returned connection: <psycopg.Connection [INTRANS] (host=localhost port=30543 user=demo database=demo_noetl) at 0x1088743e0>
[WARNING] 2025-08-26T20:52:00,969 (psycopg.pool:_reset_connection:761) - rolling back returned connection: <psycopg.Connection [INTRANS] (host=localhost port=30543 user=demo database=demo_noetl) at 0x1088743e0>
[WARNING] 2025-08-26T20:53:00,968 (psycopg.pool:_reset_connection:761) - rolling back returned connection: <psycopg.Connection [INTRANS] (host=localhost port=30543 user=demo database=demo_noetl) at 0x1088743e0>
[WARNING] 2025-08-26T20:54:00,963 (psycopg.pool:_reset_connection:761) - rolling back returned connection: <psycopg.Connection [INTRANS] (host=localhost port=30543 user=demo database=demo_noetl) at 0x1088743e0>
[WARNING] 2025-08-26T20:55:00,957 (psycopg.pool:_reset_connection:761) - rolling back returned connection: <psycopg.Connection [INTRANS] (host=localhost port=30543 user=demo database=demo_noetl) at 0x1088743e0>
[WARNING] 2025-08-26T20:56:00,967 (psycopg.pool:_reset_connection:761) - rolling back returned connection: <psycopg.Connection [INTRANS] (host=localhost port=30543 user=demo database=demo_noetl) at 0x1088743e0>
[WARNING] 2025-08-26T20:57:00,962 (psycopg.pool:_reset_connection:761) - rolling back returned connection: <psycopg.Connection [INTRANS] (host=localhost port=30543 user=demo database=demo_noetl) at 0x1088743e0>
[WARNING] 2025-08-26T20:58:00,969 (psycopg.pool:_reset_connection:761) - rolling back returned connection: <psycopg.Connection [INTRANS] (host=localhost port=30543 user=demo database=demo_noetl) at 0x1088743e0>
[WARNING] 2025-08-26T20:59:00,972 (psycopg.pool:_reset_connection:761) - rolling back returned connection: <psycopg.Connection [INTRANS] (host=localhost port=30543 user=demo database=demo_noetl) at 0x1088743e0>
[WARNING] 2025-08-26T21:00:00,963 (psycopg.pool:_reset_connection:761) - rolling back returned connection: <psycopg.Connection [INTRANS] (host=localhost port=30543 user=demo database=demo_noetl) at 0x1088743e0>
[WARNING] 2025-08-26T21:01:00,964 (psycopg.pool:_reset_connection:761) - rolling back returned connection: <psycopg.Connection [INTRANS] (host=localhost port=30543 user=demo database=demo_noetl) at 0x1088743e0>
[WARNING] 2025-08-26T21:02:00,986 (psycopg.pool:_reset_connection:761) - rolling back returned connection: <psycopg.Connection [INTRANS] (host=localhost port=30543 user=demo database=demo_noetl) at 0x1088743e0>
[WARNING] 2025-08-26T21:03:00,957 (psycopg.pool:_reset_connection:761) - rolling back returned connection: <psycopg.Connection [INTRANS] (host=localhost port=30543 user=demo database=demo_noetl) at 0x1088743e0>
[WARNING] 2025-08-26T21:04:00,959 (psycopg.pool:_reset_connection:761) - rolling back returned connection: <psycopg.Connection [INTRANS] (host=localhost port=30543 user=demo database=demo_noetl) at 0x1088743e0>
[WARNING] 2025-08-26T21:05:00,968 (psycopg.pool:_reset_connection:761) - rolling back returned connection: <psycopg.Connection [INTRANS] (host=localhost port=30543 user=demo database=demo_noetl) at 0x1088743e0>
[WARNING] 2025-08-26T21:06:00,965 (psycopg.pool:_reset_connection:761) - rolling back returned connection: <psycopg.Connection [INTRANS] (host=localhost port=30543 user=demo database=demo_noetl) at 0x1088743e0>
[WARNING] 2025-08-26T21:07:00,958 (psycopg.pool:_reset_connection:761) - rolling back returned connection: <psycopg.Connection [INTRANS] (host=localhost port=30543 user=demo database=demo_noetl) at 0x1088743e0>
[WARNING] 2025-08-26T21:08:00,967 (psycopg.pool:_reset_connection:761) - rolling back returned connection: <psycopg.Connection [INTRANS] (host=localhost port=30543 user=demo database=demo_noetl) at 0x1088743e0>
[WARNING] 2025-08-26T21:09:00,993 (psycopg.pool:_reset_connection:761) - rolling back returned connection: <psycopg.Connection [INTRANS] (host=localhost port=30543 user=demo database=demo_noetl) at 0x1088743e0>
[WARNING] 2025-08-26T21:10:00,984 (psycopg.pool:_reset_connection:761) - rolling back returned connection: <psycopg.Connection [INTRANS] (host=localhost port=30543 user=demo database=demo_noetl) at 0x1088743e0>
[WARNING] 2025-08-26T21:11:00,982 (psycopg.pool:_reset_connection:761) - rolling back returned connection: <psycopg.Connection [INTRANS] (host=localhost port=30543 user=demo database=demo_noetl) at 0x1088743e0>
[WARNING] 2025-08-26T21:12:00,979 (psycopg.pool:_reset_connection:761) - rolling back returned connection: <psycopg.Connection [INTRANS] (host=localhost port=30543 user=demo database=demo_noetl) at 0x1088743e0>
[WARNING] 2025-08-26T21:13:00,965 (psycopg.pool:_reset_connection:761) - rolling back returned connection: <psycopg.Connection [INTRANS] (host=localhost port=30543 user=demo database=demo_noetl) at 0x1088743e0>
[WARNING] 2025-08-26T21:14:00,968 (psycopg.pool:_reset_connection:761) - rolling back returned connection: <psycopg.Connection [INTRANS] (host=localhost port=30543 user=demo database=demo_noetl) at 0x1088743e0>
[WARNING] 2025-08-26T21:15:00,990 (psycopg.pool:_reset_connection:761) - rolling back returned connection: <psycopg.Connection [INTRANS] (host=localhost port=30543 user=demo database=demo_noetl) at 0x1088743e0>
[WARNING] 2025-08-26T21:16:00,972 (psycopg.pool:_reset_connection:761) - rolling back returned connection: <psycopg.Connection [INTRANS] (host=localhost port=30543 user=demo database=demo_noetl) at 0x1088743e0>
[WARNING] 2025-08-26T21:17:00,972 (psycopg.pool:_reset_connection:761) - rolling back returned connection: <psycopg.Connection [INTRANS] (host=localhost port=30543 user=demo database=demo_noetl) at 0x1088743e0>
[WARNING] 2025-08-26T21:18:01,000 (psycopg.pool:_reset_connection:761) - rolling back returned connection: <psycopg.Connection [INTRANS] (host=localhost port=30543 user=demo database=demo_noetl) at 0x1088743e0>
[WARNING] 2025-08-26T21:19:00,975 (psycopg.pool:_reset_connection:761) - rolling back returned connection: <psycopg.Connection [INTRANS] (host=localhost port=30543 user=demo database=demo_noetl) at 0x1088743e0>
[WARNING] 2025-08-26T21:20:00,972 (psycopg.pool:_reset_connection:761) - rolling back returned connection: <psycopg.Connection [INTRANS] (host=localhost port=30543 user=demo database=demo_noetl) at 0x1088743e0>
[WARNING] 2025-08-26T21:21:00,974 (psycopg.pool:_reset_connection:761) - rolling back returned connection: <psycopg.Connection [INTRANS] (host=localhost port=30543 user=demo database=demo_noetl) at 0x1088743e0>
